<?xml version="1.0" encoding="UTF-8"?>
<!-- Generated by org.testng.reporters.JUnitReportReporter -->
<testsuite skipped="0" hostname="IBM-DOTNET-001" name="Demo.firsttest" tests="2" failures="0" timestamp="27 Sep 2020 07:18:19 GMT" time="19.232" errors="0">
  <testcase name="testcase1" time="8.956" classname="Demo.firsttest"/>
  <testcase name="testcase1" time="10.276" classname="Demo.firsttest"/>
</testsuite> <!-- Demo.firsttest -->
